Reading netlist file: "C:\Users\87407\Keil_prj\DPO_AIO\MDK-ARM\FPGA\impl\gwsynthesis\DDS.vg"
Parsing netlist file "C:\Users\87407\Keil_prj\DPO_AIO\MDK-ARM\FPGA\impl\gwsynthesis\DDS.vg" completed
Processing netlist completed
Reading constraint file: "C:\Users\87407\Keil_prj\DPO_AIO\MDK-ARM\FPGA\src\led_flash.cst"
Physical Constraint parsed completed
Running placement......
[10%] Placement Phase 0 completed
[20%] Placement Phase 1 completed
[30%] Placement Phase 2 completed
WARN  (TA1132) :  'tck_pad_i' was determined to be a clock but was not created.
[50%] Placement Phase 3 completed
Running routing......
[60%] Routing Phase 0 completed
[70%] Routing Phase 1 completed
[80%] Routing Phase 2 completed
[90%] Routing Phase 3 completed
Running timing analysis......
[95%] Timing analysis completed
Placement and routing completed
Bitstream generation in progress......
Bitstream generation completed
Running power analysis......
[100%] Power analysis completed
Generate file "C:\Users\87407\Keil_prj\DPO_AIO\MDK-ARM\FPGA\impl\pnr\DDS.power.html" completed
Generate file "C:\Users\87407\Keil_prj\DPO_AIO\MDK-ARM\FPGA\impl\pnr\DDS.pin.html" completed
Generate file "C:\Users\87407\Keil_prj\DPO_AIO\MDK-ARM\FPGA\impl\pnr\DDS.rpt.html" completed
Generate file "C:\Users\87407\Keil_prj\DPO_AIO\MDK-ARM\FPGA\impl\pnr\DDS.rpt.txt" completed
Generate file "C:\Users\87407\Keil_prj\DPO_AIO\MDK-ARM\FPGA\impl\pnr\DDS.tr.html" completed
Wed May 14 01:37:47 2025

