Reading netlist file: "Z:\FPGA\GOWIN25K\temp\ch2_led_flash\impl\gwsynthesis\led_flash.vg"
Parsing netlist file "Z:\FPGA\GOWIN25K\temp\ch2_led_flash\impl\gwsynthesis\led_flash.vg" completed
Processing netlist completed
Reading constraint file: "Z:\FPGA\GOWIN25K\temp\ch2_led_flash\src\led_flash.cst"
Physical Constraint parsed completed
Running placement......
[10%] Placement Phase 0 completed
[20%] Placement Phase 1 completed
[30%] Placement Phase 2 completed
[50%] Placement Phase 3 completed
Running routing......
[60%] Routing Phase 0 completed
[70%] Routing Phase 1 completed
[80%] Routing Phase 2 completed
[90%] Routing Phase 3 completed
Running timing analysis......
[95%] Timing analysis completed
Placement and routing completed
Bitstream generation in progress......
Bitstream generation completed
Running power analysis......
[100%] Power analysis completed
Generate file "Z:\FPGA\GOWIN25K\temp\ch2_led_flash\impl\pnr\led_flash.power.html" completed
Generate file "Z:\FPGA\GOWIN25K\temp\ch2_led_flash\impl\pnr\led_flash.pin.html" completed
Generate file "Z:\FPGA\GOWIN25K\temp\ch2_led_flash\impl\pnr\led_flash.rpt.html" completed
Generate file "Z:\FPGA\GOWIN25K\temp\ch2_led_flash\impl\pnr\led_flash.rpt.txt" completed
Generate file "Z:\FPGA\GOWIN25K\temp\ch2_led_flash\impl\pnr\led_flash.tr.html" completed
Thu May  8 09:08:29 2025

