*** Using Compiler 'V6.22', folder: 'C:\Users\87407\AppData\Local\Keil_v5\ARM\ARMCLANG\Bin'
Rebuild target 'DPO_AIO'
Note: source file '../Core/Src/system_stm32g4xx.c' - object file renamed from 'DPO_AIO\system_stm32g4xx.o' to 'DPO_AIO\system_stm32g4xx_1.o'.compiling TLC5952.c...
compiling fonts.c...
compiling MyLib.c...
compiling main.c...
compiling stm32g4xx_it.c...
assembling startup_stm32g474xx.s...
compiling usb_device.c...
compiling ft6336.c...
compiling Views.c...
compiling aht20.c...
compiling ws2812.c...
compiling mpu6050.c...
compiling usbd_conf.c...
compiling usbd_desc.c...
compiling stm32g4xx_hal_msp.c...
compiling st7789.c...
compiling stm32g4xx_hal_pcd_ex.c...
compiling usbd_cdc_if.c...
compiling stm32g4xx_hal_flash_ramfunc.c...
compiling stm32g4xx_hal_rcc.c...
compiling stm32g4xx_hal.c...
compiling stm32g4xx_hal_pcd.c...
compiling stm32g4xx_hal_rcc_ex.c...
compiling stm32g4xx_hal_exti.c...
compiling stm32g4xx_hal_flash.c...
compiling stm32g4xx_hal_gpio.c...
compiling stm32g4xx_hal_dma_ex.c...
compiling stm32g4xx_hal_pwr.c...
compiling stm32g4xx_ll_usb.c...
compiling stm32g4xx_hal_flash_ex.c...
compiling stm32g4xx_hal_dma.c...
compiling stm32g4xx_hal_pwr_ex.c...
compiling stm32g4xx_hal_cortex.c...
compiling stm32g4xx_hal_dac.c...
compiling stm32g4xx_hal_i2c_ex.c...
compiling stm32g4xx_hal_spi_ex.c...
compiling stm32g4xx_hal_dac_ex.c...
compiling stm32g4xx_hal_opamp.c...
compiling stm32g4xx_hal_opamp_ex.c...
compiling system_stm32g4xx.c...
compiling usbd_core.c...
compiling usbd_ioreq.c...
compiling usbd_cdc.c...
compiling stm32g4xx_hal_uart_ex.c...
compiling usbd_ctlreq.c...
compiling stm32g4xx_hal_tim_ex.c...
compiling BasicMathFunctionsF16.c...
compiling stm32g4xx_hal_spi.c...
compiling BayesFunctionsF16.c...
compiling BayesFunctions.c...
compiling BasicMathFunctions.c...
compiling stm32g4xx_hal_uart.c...
compiling stm32g4xx_hal_i2c.c...
compiling CommonTablesF16.c...
compiling ControllerFunctions.c...
compiling ComplexMathFunctionsF16.c...
compiling DistanceFunctionsF16.c...
compiling stm32g4xx_hal_tim.c...
compiling FastMathFunctionsF16.c...
compiling FilteringFunctionsF16.c...
compiling InterpolationFunctions.c...
compiling InterpolationFunctionsF16.c...
compiling ComplexMathFunctions.c...
compiling FastMathFunctions.c...
compiling SVMFunctionsF16.c...
compiling QuaternionMathFunctions.c...
compiling DistanceFunctions.c...
compiling SVMFunctions.c...
compiling SupportFunctionsF16.c...
compiling StatisticsFunctionsF16.c...
compiling CommonTables.c...
compiling MatrixFunctionsF16.c...
compiling SupportFunctions.c...
compiling TransformFunctionsF16.c...
compiling WindowFunctions.c...
compiling StatisticsFunctions.c...
compiling TransformFunctions.c...
compiling MatrixFunctions.c...
compiling FilteringFunctions.c...
linking...
Program Size: Code=33132 RO-data=584 RW-data=392 ZI-data=9048  
FromELF: creating hex file...
"DPO_AIO\DPO_AIO.axf" - 0 Error(s), 0 Warning(s).
Build Time Elapsed:  00:00:10
